<?xml version="1.0" encoding="UTF-8"?>
<!-- Generated by org.testng.reporters.JUnitReportReporter -->
<testsuite skipped="0" hostname="LAPTOP-NFF9N2DA" name="com.searchtest.Searchvehicle" tests="1" failures="0" timestamp="31 Jan 2019 22:29:12 GMT" time="7.028" errors="0">
  <testcase name="vehicle" time="7.028" classname="com.searchtest.Searchvehicle"/>
</testsuite> <!-- com.searchtest.Searchvehicle -->
