<?xml version="1.0" encoding="UTF-8"?>
<!-- Generated by org.testng.reporters.JUnitReportReporter -->
<testsuite skipped="0" hostname="LAPTOP-NFF9N2DA" name="com.searchtest.Searchvehicle" tests="1" failures="0" timestamp="24 Feb 2019 13:20:52 GMT" time="7.053" errors="0">
  <testcase name="vehicle" time="7.053" classname="com.searchtest.Searchvehicle"/>
</testsuite> <!-- com.searchtest.Searchvehicle -->
